# JRE version: OpenJDK Runtime Environment Temurin-21.0.11+10 (21.0.11+10) (build 21.0.11+10-LTS)
# Java VM: OpenJDK 64-Bit Server VM Temurin-21.0.11+10 (21.0.11+10-LTS, mixed mode, sharing, tiered, compressed oops, compressed class ptrs, parallel gc, windows-amd64)
GC Precious Log:
 CardTable entry size: 512
 CPUs: 16 total, 16 available
 Memory: 16008M
 Large Page Support: Disabled
 NUMA Support: Disabled
 Compressed Oops: Enabled (32-bit)
 Alignments: Space 512K, Generation 512K, Heap 2M
 Heap Min Capacity: 100M
 Heap Initial Capacity: 100M
 Heap Max Capacity: 2G
 Pre-touch: Disabled
 Parallel Workers: 13
Heap:
 PSYoungGen      total 4096K, used 793K [0x00000000d5580000, 0x00000000d5c00000, 0x0000000100000000)
  eden space 2560K, 25% used [0x00000000d5580000,0x00000000d56265a8,0x00000000d5800000)
  from space 1536K, 8% used [0x00000000d5980000,0x00000000d59a0000,0x00000000d5b00000)
  to   space 512K, 0% used [0x00000000d5b80000,0x00000000d5b80000,0x00000000d5c00000)
 ParOldGen       total 969216K, used 488273K [0x0000000080000000, 0x00000000bb280000, 0x00000000d5580000)
  object space 969216K, 50% used [0x0000000080000000,0x000000009dcd4408,0x00000000bb280000)
 Metaspace       used 86761K, committed 88512K, reserved 1179648K
  class space    used 9059K, committed 9792K, reserved 1048576K
GC Heap History (20 events):
Event: 268.770 GC heap before
{Heap before GC invocations=1824 (full 4):
 PSYoungGen      total 6144K, used 5688K [0x00000000d5580000, 0x00000000d5f80000, 0x0000000100000000)
  eden space 3072K, 100% used [0x00000000d5580000,0x00000000d5880000,0x00000000d5880000)
  from space 3072K, 85% used [0x00000000d5880000,0x00000000d5b0e000,0x00000000d5b80000)
  to   space 3072K, 0% used [0x00000000d5c80000,0x00000000d5c80000,0x00000000d5f80000)
 ParOldGen       total 969216K, used 467290K [0x0000000080000000, 0x00000000bb280000, 0x00000000d5580000)
  object space 969216K, 48% used [0x0000000080000000,0x000000009c8569c8,0x00000000bb280000)
 Metaspace       used 86706K, committed 88512K, reserved 1179648K
  class space    used 9056K, committed 9792K, reserved 1048576K
}
Event: 268.776 GC heap after
{Heap after GC invocations=1824 (full 4):
 PSYoungGen      total 6656K, used 2048K [0x00000000d5580000, 0x00000000d5f00000, 0x0000000100000000)
  eden space 4096K, 0% used [0x00000000d5580000,0x00000000d5580000,0x00000000d5980000)
  from space 2560K, 80% used [0x00000000d5c80000,0x00000000d5e80030,0x00000000d5f00000)
  to   space 2560K, 0% used [0x00000000d5a00000,0x00000000d5a00000,0x00000000d5c80000)
 ParOldGen       total 969216K, used 469178K [0x0000000080000000, 0x00000000bb280000, 0x00000000d5580000)
  object space 969216K, 48% used [0x0000000080000000,0x000000009ca2e9c8,0x00000000bb280000)
 Metaspace       used 86706K, committed 88512K, reserved 1179648K
  class space    used 9056K, committed 9792K, reserved 1048576K
}
Event: 268.785 GC heap before
{Heap before GC invocations=1825 (full 4):
 PSYoungGen      total 6656K, used 6143K [0x00000000d5580000, 0x00000000d5f00000, 0x0000000100000000)
  eden space 4096K, 99% used [0x00000000d5580000,0x00000000d597fdd8,0x00000000d5980000)
  from space 2560K, 80% used [0x00000000d5c80000,0x00000000d5e80030,0x00000000d5f00000)
  to   space 2560K, 0% used [0x00000000d5a00000,0x00000000d5a00000,0x00000000d5c80000)
 ParOldGen       total 969216K, used 469178K [0x0000000080000000, 0x00000000bb280000, 0x00000000d5580000)
  object space 969216K, 48% used [0x0000000080000000,0x000000009ca2e9c8,0x00000000bb280000)
 Metaspace       used 86706K, committed 88512K, reserved 1179648K
  class space    used 9056K, committed 9792K, reserved 1048576K
}
Event: 268.790 GC heap after
{Heap after GC invocations=1825 (full 4):
 PSYoungGen      total 7168K, used 2551K [0x00000000d5580000, 0x00000000d6880000, 0x0000000100000000)
  eden space 4608K, 0% used [0x00000000d5580000,0x00000000d5580000,0x00000000d5a00000)
  from space 2560K, 99% used [0x00000000d5a00000,0x00000000d5c7dfe8,0x00000000d5c80000)
  to   space 7168K, 0% used [0x00000000d6180000,0x00000000d6180000,0x00000000d6880000)
 ParOldGen       total 969216K, used 472639K [0x0000000080000000, 0x00000000bb280000, 0x00000000d5580000)
  object space 969216K, 48% used [0x0000000080000000,0x000000009cd8ff38,0x00000000bb280000)
 Metaspace       used 86706K, committed 88512K, reserved 1179648K
  class space    used 9056K, committed 9792K, reserved 1048576K
}
Event: 268.846 GC heap before
{Heap before GC invocations=1826 (full 4):
 PSYoungGen      total 7168K, used 7145K [0x00000000d5580000, 0x00000000d6880000, 0x0000000100000000)
  eden space 4608K, 99% used [0x00000000d5580000,0x00000000d59fc738,0x00000000d5a00000)
  from space 2560K, 99% used [0x00000000d5a00000,0x00000000d5c7dfe8,0x00000000d5c80000)
  to   space 7168K, 0% used [0x00000000d6180000,0x00000000d6180000,0x00000000d6880000)
 ParOldGen       total 969216K, used 472639K [0x0000000080000000, 0x00000000bb280000, 0x00000000d5580000)
  object space 969216K, 48% used [0x0000000080000000,0x000000009cd8ff38,0x00000000bb280000)
 Metaspace       used 86707K, committed 88512K, reserved 1179648K
  class space    used 9056K, committed 9792K, reserved 1048576K
}
Event: 268.851 GC heap after
{Heap after GC invocations=1826 (full 4):
 PSYoungGen      total 8704K, used 2927K [0x00000000d5580000, 0x00000000d6480000, 0x0000000100000000)
  eden space 5632K, 0% used [0x00000000d5580000,0x00000000d5580000,0x00000000d5b00000)
  from space 3072K, 95% used [0x00000000d6180000,0x00000000d645bec8,0x00000000d6480000)
  to   space 4096K, 0% used [0x00000000d5c80000,0x00000000d5c80000,0x00000000d6080000)
 ParOldGen       total 969216K, used 475221K [0x0000000080000000, 0x00000000bb280000, 0x00000000d5580000)
  object space 969216K, 49% used [0x0000000080000000,0x000000009d015488,0x00000000bb280000)
 Metaspace       used 86707K, committed 88512K, reserved 1179648K
  class space    used 9056K, committed 9792K, reserved 1048576K
}
Event: 268.908 GC heap before
{Heap before GC invocations=1827 (full 4):
 PSYoungGen      total 8704K, used 8559K [0x00000000d5580000, 0x00000000d6480000, 0x0000000100000000)
  eden space 5632K, 100% used [0x00000000d5580000,0x00000000d5b00000,0x00000000d5b00000)
  from space 3072K, 95% used [0x00000000d6180000,0x00000000d645bec8,0x00000000d6480000)
  to   space 4096K, 0% used [0x00000000d5c80000,0x00000000d5c80000,0x00000000d6080000)
 ParOldGen       total 969216K, used 475221K [0x0000000080000000, 0x00000000bb280000, 0x00000000d5580000)
  object space 969216K, 49% used [0x0000000080000000,0x000000009d015488,0x00000000bb280000)
 Metaspace       used 86709K, committed 88512K, reserved 1179648K
  class space    used 9056K, committed 9792K, reserved 1048576K
}
Event: 268.913 GC heap after
{Heap after GC invocations=1827 (full 4):
 PSYoungGen      total 9216K, used 3239K [0x00000000d5580000, 0x00000000d6200000, 0x0000000100000000)
  eden space 5632K, 0% used [0x00000000d5580000,0x00000000d5580000,0x00000000d5b00000)
  from space 3584K, 90% used [0x00000000d5c80000,0x00000000d5fa9f70,0x00000000d6000000)
  to   space 2048K, 0% used [0x00000000d6000000,0x00000000d6000000,0x00000000d6200000)
 ParOldGen       total 969216K, used 475829K [0x0000000080000000, 0x00000000bb280000, 0x00000000d5580000)
  object space 969216K, 49% used [0x0000000080000000,0x000000009d0ad488,0x00000000bb280000)
 Metaspace       used 86709K, committed 88512K, reserved 1179648K
  class space    used 9056K, committed 9792K, reserved 1048576K
}
Event: 268.929 GC heap before
{Heap before GC invocations=1828 (full 4):
 PSYoungGen      total 9216K, used 8871K [0x00000000d5580000, 0x00000000d6200000, 0x0000000100000000)
  eden space 5632K, 100% used [0x00000000d5580000,0x00000000d5b00000,0x00000000d5b00000)
  from space 3584K, 90% used [0x00000000d5c80000,0x00000000d5fa9f70,0x00000000d6000000)
  to   space 2048K, 0% used [0x00000000d6000000,0x00000000d6000000,0x00000000d6200000)
 ParOldGen       total 969216K, used 475829K [0x0000000080000000, 0x00000000bb280000, 0x00000000d5580000)
  object space 969216K, 49% used [0x0000000080000000,0x000000009d0ad488,0x00000000bb280000)
 Metaspace       used 86709K, committed 88512K, reserved 1179648K
  class space    used 9056K, committed 9792K, reserved 1048576K
}
Event: 268.934 GC heap after
{Heap after GC invocations=1828 (full 4):
 PSYoungGen      total 3584K, used 2048K [0x00000000d5580000, 0x00000000d6d00000, 0x0000000100000000)
  eden space 1536K, 0% used [0x00000000d5580000,0x00000000d5580000,0x00000000d5700000)
  from space 2048K, 100% used [0x00000000d6000000,0x00000000d6200000,0x00000000d6200000)
  to   space 9216K, 0% used [0x00000000d5700000,0x00000000d5700000,0x00000000d6000000)
 ParOldGen       total 969216K, used 482097K [0x0000000080000000, 0x00000000bb280000, 0x00000000d5580000)
  object space 969216K, 49% used [0x0000000080000000,0x000000009d6cc408,0x00000000bb280000)
 Metaspace       used 86709K, committed 88512K, reserved 1179648K
  class space    used 9056K, committed 9792K, reserved 1048576K
}
Event: 268.940 GC heap before
{Heap before GC invocations=1829 (full 4):
 PSYoungGen      total 3584K, used 3495K [0x00000000d5580000, 0x00000000d6d00000, 0x0000000100000000)
  eden space 1536K, 94% used [0x00000000d5580000,0x00000000d56e9e58,0x00000000d5700000)
  from space 2048K, 100% used [0x00000000d6000000,0x00000000d6200000,0x00000000d6200000)
  to   space 9216K, 0% used [0x00000000d5700000,0x00000000d5700000,0x00000000d6000000)
 ParOldGen       total 969216K, used 482097K [0x0000000080000000, 0x00000000bb280000, 0x00000000d5580000)
  object space 969216K, 49% used [0x0000000080000000,0x000000009d6cc408,0x00000000bb280000)
 Metaspace       used 86709K, committed 88512K, reserved 1179648K
  class space    used 9056K, committed 9792K, reserved 1048576K
}
Event: 268.944 GC heap after
{Heap after GC invocations=1829 (full 4):
 PSYoungGen      total 3072K, used 1296K [0x00000000d5580000, 0x00000000d6080000, 0x0000000100000000)
  eden space 1536K, 0% used [0x00000000d5580000,0x00000000d5580000,0x00000000d5700000)
  from space 1536K, 84% used [0x00000000d5700000,0x00000000d5844000,0x00000000d5880000)
  to   space 4096K, 0% used [0x00000000d5c80000,0x00000000d5c80000,0x00000000d6080000)
 ParOldGen       total 969216K, used 484209K [0x0000000080000000, 0x00000000bb280000, 0x00000000d5580000)
  object space 969216K, 49% used [0x0000000080000000,0x000000009d8dc408,0x00000000bb280000)
 Metaspace       used 86709K, committed 88512K, reserved 1179648K
  class space    used 9056K, committed 9792K, reserved 1048576K
}
Event: 268.951 GC heap before
{Heap before GC invocations=1830 (full 4):
 PSYoungGen      total 3072K, used 2832K [0x00000000d5580000, 0x00000000d6080000, 0x0000000100000000)
  eden space 1536K, 100% used [0x00000000d5580000,0x00000000d5700000,0x00000000d5700000)
  from space 1536K, 84% used [0x00000000d5700000,0x00000000d5844000,0x00000000d5880000)
  to   space 4096K, 0% used [0x00000000d5c80000,0x00000000d5c80000,0x00000000d6080000)
 ParOldGen       total 969216K, used 484209K [0x0000000080000000, 0x00000000bb280000, 0x00000000d5580000)
  object space 969216K, 49% used [0x0000000080000000,0x000000009d8dc408,0x00000000bb280000)
 Metaspace       used 86710K, committed 88512K, reserved 1179648K
  class space    used 9056K, committed 9792K, reserved 1048576K
}
Event: 268.954 GC heap after
{Heap after GC invocations=1830 (full 4):
 PSYoungGen      total 3584K, used 1256K [0x00000000d5580000, 0x00000000d5e00000, 0x0000000100000000)
  eden space 2048K, 0% used [0x00000000d5580000,0x00000000d5580000,0x00000000d5780000)
  from space 1536K, 81% used [0x00000000d5c80000,0x00000000d5dba000,0x00000000d5e00000)
  to   space 2048K, 0% used [0x00000000d5a00000,0x00000000d5a00000,0x00000000d5c00000)
 ParOldGen       total 969216K, used 485153K [0x0000000080000000, 0x00000000bb280000, 0x00000000d5580000)
  object space 969216K, 50% used [0x0000000080000000,0x000000009d9c8408,0x00000000bb280000)
 Metaspace       used 86710K, committed 88512K, reserved 1179648K
  class space    used 9056K, committed 9792K, reserved 1048576K
}
Event: 268.963 GC heap before
{Heap before GC invocations=1831 (full 4):
 PSYoungGen      total 3584K, used 2644K [0x00000000d5580000, 0x00000000d5e00000, 0x0000000100000000)
  eden space 2048K, 67% used [0x00000000d5580000,0x00000000d56db080,0x00000000d5780000)
  from space 1536K, 81% used [0x00000000d5c80000,0x00000000d5dba000,0x00000000d5e00000)
  to   space 2048K, 0% used [0x00000000d5a00000,0x00000000d5a00000,0x00000000d5c00000)
 ParOldGen       total 969216K, used 485153K [0x0000000080000000, 0x00000000bb280000, 0x00000000d5580000)
  object space 969216K, 50% used [0x0000000080000000,0x000000009d9c8408,0x00000000bb280000)
 Metaspace       used 86710K, committed 88512K, reserved 1179648K
  class space    used 9056K, committed 9792K, reserved 1048576K
}
Event: 268.967 GC heap after
{Heap after GC invocations=1831 (full 4):
 PSYoungGen      total 4096K, used 1472K [0x00000000d5580000, 0x00000000d5d00000, 0x0000000100000000)
  eden space 2560K, 0% used [0x00000000d5580000,0x00000000d5580000,0x00000000d5800000)
  from space 1536K, 95% used [0x00000000d5a00000,0x00000000d5b70000,0x00000000d5b80000)
  to   space 1536K, 0% used [0x00000000d5b80000,0x00000000d5b80000,0x00000000d5d00000)
 ParOldGen       total 969216K, used 486161K [0x0000000080000000, 0x00000000bb280000, 0x00000000d5580000)
  object space 969216K, 50% used [0x0000000080000000,0x000000009dac4408,0x00000000bb280000)
 Metaspace       used 86710K, committed 88512K, reserved 1179648K
  class space    used 9056K, committed 9792K, reserved 1048576K
}
Event: 906.972 GC heap before
{Heap before GC invocations=1832 (full 4):
 PSYoungGen      total 4096K, used 4032K [0x00000000d5580000, 0x00000000d5d00000, 0x0000000100000000)
  eden space 2560K, 100% used [0x00000000d5580000,0x00000000d5800000,0x00000000d5800000)
  from space 1536K, 95% used [0x00000000d5a00000,0x00000000d5b70000,0x00000000d5b80000)
  to   space 1536K, 0% used [0x00000000d5b80000,0x00000000d5b80000,0x00000000d5d00000)
 ParOldGen       total 969216K, used 486161K [0x0000000080000000, 0x00000000bb280000, 0x00000000d5580000)
  object space 969216K, 50% used [0x0000000080000000,0x000000009dac4408,0x00000000bb280000)
 Metaspace       used 86742K, committed 88512K, reserved 1179648K
  class space    used 9059K, committed 9792K, reserved 1048576K
}
Event: 906.979 GC heap after
{Heap after GC invocations=1832 (full 4):
 PSYoungGen      total 3584K, used 1024K [0x00000000d5580000, 0x00000000d5c80000, 0x0000000100000000)
  eden space 2560K, 0% used [0x00000000d5580000,0x00000000d5580000,0x00000000d5800000)
  from space 1024K, 100% used [0x00000000d5b80000,0x00000000d5c80000,0x00000000d5c80000)
  to   space 1536K, 0% used [0x00000000d5980000,0x00000000d5980000,0x00000000d5b00000)
 ParOldGen       total 969216K, used 487441K [0x0000000080000000, 0x00000000bb280000, 0x00000000d5580000)
  object space 969216K, 50% used [0x0000000080000000,0x000000009dc04408,0x00000000bb280000)
 Metaspace       used 86742K, committed 88512K, reserved 1179648K
  class space    used 9059K, committed 9792K, reserved 1048576K
}
Event: 1181.862 GC heap before
{Heap before GC invocations=1833 (full 4):
 PSYoungGen      total 3584K, used 3584K [0x00000000d5580000, 0x00000000d5c80000, 0x0000000100000000)
  eden space 2560K, 100% used [0x00000000d5580000,0x00000000d5800000,0x00000000d5800000)
  from space 1024K, 100% used [0x00000000d5b80000,0x00000000d5c80000,0x00000000d5c80000)
  to   space 1536K, 0% used [0x00000000d5980000,0x00000000d5980000,0x00000000d5b00000)
 ParOldGen       total 969216K, used 487441K [0x0000000080000000, 0x00000000bb280000, 0x00000000d5580000)
  object space 969216K, 50% used [0x0000000080000000,0x000000009dc04408,0x00000000bb280000)
 Metaspace       used 86745K, committed 88512K, reserved 1179648K
  class space    used 9059K, committed 9792K, reserved 1048576K
}
Event: 1181.867 GC heap after
{Heap after GC invocations=1833 (full 4):
 PSYoungGen      total 4096K, used 128K [0x00000000d5580000, 0x00000000d5c00000, 0x0000000100000000)
  eden space 2560K, 0% used [0x00000000d5580000,0x00000000d5580000,0x00000000d5800000)
  from space 1536K, 8% used [0x00000000d5980000,0x00000000d59a0000,0x00000000d5b00000)
  to   space 512K, 0% used [0x00000000d5b80000,0x00000000d5b80000,0x00000000d5c00000)
 ParOldGen       total 969216K, used 488273K [0x0000000080000000, 0x00000000bb280000, 0x00000000d5580000)
  object space 969216K, 50% used [0x0000000080000000,0x000000009dcd4408,0x00000000bb280000)
 Metaspace       used 86745K, committed 88512K, reserved 1179648K
  class space    used 9059K, committed 9792K, reserved 1048576K
}

